Command line invocation:
    /Applications/Xcode.app/Contents/Developer/usr/bin/xcodebuild build -project intelli-closet.xcodeproj -scheme intelli-closet -destination "platform=iOS Simulator,name=iPhone 17"

2026-02-23 00:48:30.020 xcodebuild[22001:404959] [MT] IDERunDestination: Supported platforms for the buildables in the current scheme is empty.
ComputePackagePrebuildTargetDependencyGraph

Prepare packages

CreateBuildRequest

SendProjectDescription

CreateBuildOperation

ComputeTargetDependencyGraph
note: Building targets in dependency order
note: Target dependency graph (1 target)
    Target 'intelli-closet' in project 'intelli-closet' (no dependencies)

GatherProvisioningInputs

CreateBuildDescription

ExecuteExternalTool /Applications/Xcode.app/Contents/Developer/Toolchains/XcodeDefault.xctoolchain/usr/bin/clang -v -E -dM -isysroot /Applications/Xcode.app/Contents/Developer/Platforms/iPhoneSimulator.platform/Developer/SDKs/iPhoneSimulator26.2.sdk -x c -c /dev/null

ExecuteExternalTool /Applications/Xcode.app/Contents/Developer/usr/bin/actool --print-asset-tag-combinations --output-format xml1 /Users/zheli/Documents/workspace/apps/intelli-closet/intelli-closet/Assets.xcassets

ExecuteExternalTool /Applications/Xcode.app/Contents/Developer/usr/bin/actool --version --output-format xml1

ExecuteExternalTool /Applications/Xcode.app/Contents/Developer/Toolchains/XcodeDefault.xctoolchain/usr/bin/swiftc --version

ExecuteExternalTool /Applications/Xcode.app/Contents/Developer/Toolchains/XcodeDefault.xctoolchain/usr/bin/ld -version_details

Build description signature: 06f9711bc8210832d94ebb9560c67f25
Build description path: /Users/zheli/Library/Developer/Xcode/DerivedData/intelli-closet-epwgrheizxgcdcdsshjwisgctogl/Build/Intermediates.noindex/XCBuildData/06f9711bc8210832d94ebb9560c67f25.xcbuilddata
ClangStatCache /Applications/Xcode.app/Contents/Developer/Toolchains/XcodeDefault.xctoolchain/usr/bin/clang-stat-cache /Applications/Xcode.app/Contents/Developer/Platforms/iPhoneSimulator.platform/Developer/SDKs/iPhoneSimulator26.2.sdk /Users/zheli/Library/Developer/Xcode/DerivedData/SDKStatCaches.noindex/iphonesimulator26.2-23C53-7d00a8b37fbd7999ea79df8ebc024bf0.sdkstatcache
    cd /Users/zheli/Documents/workspace/apps/intelli-closet/intelli-closet.xcodeproj
    /Applications/Xcode.app/Contents/Developer/Toolchains/XcodeDefault.xctoolchain/usr/bin/clang-stat-cache /Applications/Xcode.app/Contents/Developer/Platforms/iPhoneSimulator.platform/Developer/SDKs/iPhoneSimulator26.2.sdk -o /Users/zheli/Library/Developer/Xcode/DerivedData/SDKStatCaches.noindex/iphonesimulator26.2-23C53-7d00a8b37fbd7999ea79df8ebc024bf0.sdkstatcache

ProcessInfoPlistFile /Users/zheli/Library/Developer/Xcode/DerivedData/intelli-closet-epwgrheizxgcdcdsshjwisgctogl/Build/Products/Debug-iphonesimulator/intelli-closet.app/Info.plist /Users/zheli/Library/Developer/Xcode/DerivedData/intelli-closet-epwgrheizxgcdcdsshjwisgctogl/Build/Intermediates.noindex/intelli-closet.build/Debug-iphonesimulator/intelli-closet.build/empty-intelli-closet.plist (in target 'intelli-closet' from project 'intelli-closet')
    cd /Users/zheli/Documents/workspace/apps/intelli-closet
    builtin-infoPlistUtility /Users/zheli/Library/Developer/Xcode/DerivedData/intelli-closet-epwgrheizxgcdcdsshjwisgctogl/Build/Intermediates.noindex/intelli-closet.build/Debug-iphonesimulator/intelli-closet.build/empty-intelli-closet.plist -producttype com.apple.product-type.application -genpkginfo /Users/zheli/Library/Developer/Xcode/DerivedData/intelli-closet-epwgrheizxgcdcdsshjwisgctogl/Build/Products/Debug-iphonesimulator/intelli-closet.app/PkgInfo -expandbuildsettings -format binary -platform iphonesimulator -additionalcontentfile /Users/zheli/Library/Developer/Xcode/DerivedData/intelli-closet-epwgrheizxgcdcdsshjwisgctogl/Build/Intermediates.noindex/intelli-closet.build/Debug-iphonesimulator/intelli-closet.build/assetcatalog_generated_info.plist -o /Users/zheli/Library/Developer/Xcode/DerivedData/intelli-closet-epwgrheizxgcdcdsshjwisgctogl/Build/Products/Debug-iphonesimulator/intelli-closet.app/Info.plist

CopySwiftLibs /Users/zheli/Library/Developer/Xcode/DerivedData/intelli-closet-epwgrheizxgcdcdsshjwisgctogl/Build/Products/Debug-iphonesimulator/intelli-closet.app (in target 'intelli-closet' from project 'intelli-closet')
    cd /Users/zheli/Documents/workspace/apps/intelli-closet
    builtin-swiftStdLibTool --copy --verbose --sign - --scan-executable /Users/zheli/Library/Developer/Xcode/DerivedData/intelli-closet-epwgrheizxgcdcdsshjwisgctogl/Build/Products/Debug-iphonesimulator/intelli-closet.app/intelli-closet.debug.dylib --scan-folder /Users/zheli/Library/Developer/Xcode/DerivedData/intelli-closet-epwgrheizxgcdcdsshjwisgctogl/Build/Products/Debug-iphonesimulator/intelli-closet.app/Frameworks --scan-folder /Users/zheli/Library/Developer/Xcode/DerivedData/intelli-closet-epwgrheizxgcdcdsshjwisgctogl/Build/Products/Debug-iphonesimulator/intelli-closet.app/PlugIns --scan-folder /Users/zheli/Library/Developer/Xcode/DerivedData/intelli-closet-epwgrheizxgcdcdsshjwisgctogl/Build/Products/Debug-iphonesimulator/intelli-closet.app/SystemExtensions --scan-folder /Users/zheli/Library/Developer/Xcode/DerivedData/intelli-closet-epwgrheizxgcdcdsshjwisgctogl/Build/Products/Debug-iphonesimulator/intelli-closet.app/Extensions --platform iphonesimulator --toolchain /Applications/Xcode.app/Contents/Developer/Toolchains/XcodeDefault.xctoolchain --destination /Users/zheli/Library/Developer/Xcode/DerivedData/intelli-closet-epwgrheizxgcdcdsshjwisgctogl/Build/Products/Debug-iphonesimulator/intelli-closet.app/Frameworks --strip-bitcode --strip-bitcode-tool /Applications/Xcode.app/Contents/Developer/Toolchains/XcodeDefault.xctoolchain/usr/bin/bitcode_strip --emit-dependency-info /Users/zheli/Library/Developer/Xcode/DerivedData/intelli-closet-epwgrheizxgcdcdsshjwisgctogl/Build/Intermediates.noindex/intelli-closet.build/Debug-iphonesimulator/intelli-closet.build/SwiftStdLibToolInputDependencies.dep --filter-for-swift-os

** BUILD SUCCEEDED **

